\set VERBOSITY terse
-- predictability
SET synchronous_commit = on;
SET
SET extra_float_digits = 0;
SET
DROP TABLE IF EXISTS table_with_pk;
DROP TABLE
DROP TABLE IF EXISTS table_without_pk;
DROP TABLE
DROP TABLE IF EXISTS table_with_unique;
DROP TABLE
CREATE TABLE table_with_pk (
a	smallserial,
b	smallint,
c	int,
d	bigint,
e	numeric(5,3),
f	real not null,
g	double precision,
h	char(10),
i	varchar(30),
j	text,
k	bit varying(20),
l	timestamp,
m	date,
n	boolean not null,
o	json,
p	tsvector,
PRIMARY KEY(b, c, d)
);
NOTICE:  CREATE TABLE will create implicit sequence "table_with_pk_a_seq" for serial column "table_with_pk.a"
NOTICE:  CREATE TABLE / PRIMARY KEY will create implicit index "table_with_pk_pkey" for table "table_with_pk"
CREATE TABLE
CREATE TABLE table_without_pk (
a	smallserial,
b	smallint,
c	int,
d	bigint,
e	numeric(5,3),
f	real not null,
g	double precision,
h	char(10),
i	varchar(30),
j	text,
k	bit varying(20),
l	timestamp,
m	date,
n	boolean not null,
o	json,
p	tsvector
);
NOTICE:  CREATE TABLE will create implicit sequence "table_without_pk_a_seq" for serial column "table_without_pk.a"
CREATE TABLE
CREATE TABLE table_with_unique (
a	smallserial,
b	smallint,
c	int,
d	bigint,
e	numeric(5,3) not null,
f	real not null,
g	double precision not null,
h	char(10),
i	varchar(30),
j	text,
k	bit varying(20),
l	timestamp,
m	date,
n	boolean not null,
o	json,
p	tsvector,
UNIQUE(g, n)
);
NOTICE:  CREATE TABLE will create implicit sequence "table_with_unique_a_seq" for serial column "table_with_unique.a"
NOTICE:  CREATE TABLE / UNIQUE will create implicit index "table_with_unique_g_n_key" for table "table_with_unique"
CREATE TABLE
-- INSERT
INSERT INTO table_with_pk (b, c, d, e, f, g, h, i, j, k, l, m, n, o, p) VALUES(1, 2, 3, 3.54, 876.563452345, 1.23, 'teste', 'testando', 'um texto longo', B'001110010101010', '2013-11-02 17:30:52', '2013-02-04', true, '{ "a": 123 }', 'Old Old Parr'::tsvector);
INSERT 0 1
INSERT INTO table_with_pk (b, c, d, e, f, g, h, i, j, k, l, m, n, o, p) VALUES(4, 5, 6, 3.54, 876.563452345, 1.23, 'teste', 'testando', 'um texto longo', B'001110010101010', '2013-11-02 17:30:52', '2013-02-04', true, '{ "a": 123 }', 'Old Old Parr'::tsvector);
INSERT 0 1
INSERT INTO table_without_pk (b, c, d, e, f, g, h, i, j, k, l, m, n, o, p) VALUES(1, 2, 3, 3.54, 876.563452345, 1.23, 'teste', 'testando', 'um texto longo', B'001110010101010', '2013-11-02 17:30:52', '2013-02-04', true, '{ "a": 123 }', 'Old Old Parr'::tsvector);
INSERT 0 1
INSERT INTO table_with_unique (b, c, d, e, f, g, h, i, j, k, l, m, n, o, p) VALUES(1, 2, 3, 3.54, 876.563452345, 1.23, 'teste', 'testando', 'um texto longo', B'001110010101010', '2013-11-02 17:30:52', '2013-02-04', true, '{ "a": 123 }', 'Old Old Parr'::tsvector);
INSERT 0 1
SELECT 'init' FROM pg_create_logical_replication_slot('regression_slot', 'wal2json');
 ?column? 
----------
 init
(1 row)

-- DELETE: REPLICA IDENTITY FULL
ALTER TABLE table_with_pk REPLICA IDENTITY FULL;
ALTER TABLE
DELETE FROM table_with_pk WHERE b = 1;
DELETE 1
DELETE FROM table_with_pk WHERE n = true;
DELETE 1
ALTER TABLE table_with_pk REPLICA IDENTITY DEFAULT;
ALTER TABLE
ALTER TABLE table_without_pk REPLICA IDENTITY FULL;
ALTER TABLE
DELETE FROM table_without_pk WHERE b = 1;
DELETE 1
ALTER TABLE table_without_pk REPLICA IDENTITY DEFAULT;
ALTER TABLE
ALTER TABLE table_with_unique REPLICA IDENTITY FULL;
ALTER TABLE
DELETE FROM table_with_unique WHERE b = 1;
DELETE 1
ALTER TABLE table_with_unique REPLICA IDENTITY DEFAULT;
ALTER TABLE
SELECT data FROM pg_logical_slot_peek_changes('regression_slot', NULL, NULL, 'format-version', '1', 'pretty-print', '1', 'include-typmod', '0');
                                                                                                                 data                                                                                                                  
---------------------------------------------------------------------------------------------------------------------------------------------------------------------------------------------------------------------------------------
 {                                                                                                                                                                                                                                    +
         "change": [                                                                                                                                                                                                                  +
         ]                                                                                                                                                                                                                            +
 }
 {                                                                                                                                                                                                                                    +
         "change": [                                                                                                                                                                                                                  +
                 {                                                                                                                                                                                                                    +
                         "kind": "delete",                                                                                                                                                                                            +
                         "schema": "public",                                                                                                                                                                                          +
                         "table": "table_with_pk",                                                                                                                                                                                    +
                         "oldkeys": {                                                                                                                                                                                                 +
                                 "keynames": ["a", "b", "c", "d", "e", "f", "g", "h", "i", "j", "k", "l", "m", "n", "o", "p"],                                                                                                        +
                                 "keytypes": ["int2", "int2", "int4", "int8", "numeric", "float4", "float8", "bpchar", "varchar", "text", "varbit", "timestamp", "timestamp", "bool", "json", "tsvector"],                            +
                                 "keyvalues": [1, 1, 2, 3, 3.540, 876.5635, 1.23, "teste     ", "testando", "um texto longo", "001110010101010", "2013-11-02 17:30:52", "2013-02-04 00:00:00", true, "{ \"a\": 123 }", "'Old' 'Parr'"]+
                         }                                                                                                                                                                                                            +
                 }                                                                                                                                                                                                                    +
         ]                                                                                                                                                                                                                            +
 }
 {                                                                                                                                                                                                                                    +
         "change": [                                                                                                                                                                                                                  +
                 {                                                                                                                                                                                                                    +
                         "kind": "delete",                                                                                                                                                                                            +
                         "schema": "public",                                                                                                                                                                                          +
                         "table": "table_with_pk",                                                                                                                                                                                    +
                         "oldkeys": {                                                                                                                                                                                                 +
                                 "keynames": ["a", "b", "c", "d", "e", "f", "g", "h", "i", "j", "k", "l", "m", "n", "o", "p"],                                                                                                        +
                                 "keytypes": ["int2", "int2", "int4", "int8", "numeric", "float4", "float8", "bpchar", "varchar", "text", "varbit", "timestamp", "timestamp", "bool", "json", "tsvector"],                            +
                                 "keyvalues": [2, 4, 5, 6, 3.540, 876.5635, 1.23, "teste     ", "testando", "um texto longo", "001110010101010", "2013-11-02 17:30:52", "2013-02-04 00:00:00", true, "{ \"a\": 123 }", "'Old' 'Parr'"]+
                         }                                                                                                                                                                                                            +
                 }                                                                                                                                                                                                                    +
         ]                                                                                                                                                                                                                            +
 }
 {                                                                                                                                                                                                                                    +
         "change": [                                                                                                                                                                                                                  +
         ]                                                                                                                                                                                                                            +
 }
 {                                                                                                                                                                                                                                    +
         "change": [                                                                                                                                                                                                                  +
         ]                                                                                                                                                                                                                            +
 }
 {                                                                                                                                                                                                                                    +
         "change": [                                                                                                                                                                                                                  +
                 {                                                                                                                                                                                                                    +
                         "kind": "delete",                                                                                                                                                                                            +
                         "schema": "public",                                                                                                                                                                                          +
                         "table": "table_without_pk",                                                                                                                                                                                 +
                         "oldkeys": {                                                                                                                                                                                                 +
                                 "keynames": ["a", "b", "c", "d", "e", "f", "g", "h", "i", "j", "k", "l", "m", "n", "o", "p"],                                                                                                        +
                                 "keytypes": ["int2", "int2", "int4", "int8", "numeric", "float4", "float8", "bpchar", "varchar", "text", "varbit", "timestamp", "timestamp", "bool", "json", "tsvector"],                            +
                                 "keyvalues": [1, 1, 2, 3, 3.540, 876.5635, 1.23, "teste     ", "testando", "um texto longo", "001110010101010", "2013-11-02 17:30:52", "2013-02-04 00:00:00", true, "{ \"a\": 123 }", "'Old' 'Parr'"]+
                         }                                                                                                                                                                                                            +
                 }                                                                                                                                                                                                                    +
         ]                                                                                                                                                                                                                            +
 }
 {                                                                                                                                                                                                                                    +
         "change": [                                                                                                                                                                                                                  +
         ]                                                                                                                                                                                                                            +
 }
 {                                                                                                                                                                                                                                    +
         "change": [                                                                                                                                                                                                                  +
         ]                                                                                                                                                                                                                            +
 }
 {                                                                                                                                                                                                                                    +
         "change": [                                                                                                                                                                                                                  +
                 {                                                                                                                                                                                                                    +
                         "kind": "delete",                                                                                                                                                                                            +
                         "schema": "public",                                                                                                                                                                                          +
                         "table": "table_with_unique",                                                                                                                                                                                +
                         "oldkeys": {                                                                                                                                                                                                 +
                                 "keynames": ["a", "b", "c", "d", "e", "f", "g", "h", "i", "j", "k", "l", "m", "n", "o", "p"],                                                                                                        +
                                 "keytypes": ["int2", "int2", "int4", "int8", "numeric", "float4", "float8", "bpchar", "varchar", "text", "varbit", "timestamp", "timestamp", "bool", "json", "tsvector"],                            +
                                 "keyvalues": [1, 1, 2, 3, 3.540, 876.5635, 1.23, "teste     ", "testando", "um texto longo", "001110010101010", "2013-11-02 17:30:52", "2013-02-04 00:00:00", true, "{ \"a\": 123 }", "'Old' 'Parr'"]+
                         }                                                                                                                                                                                                            +
                 }                                                                                                                                                                                                                    +
         ]                                                                                                                                                                                                                            +
 }
 {                                                                                                                                                                                                                                    +
         "change": [                                                                                                                                                                                                                  +
         ]                                                                                                                                                                                                                            +
 }
(10 rows)

SELECT 'stop' FROM pg_drop_replication_slot('regression_slot');
 ?column? 
----------
 stop
(1 row)

