\set VERBOSITY terse
-- predictability
SET synchronous_commit = on;
SET
DROP TABLE IF EXISTS tbl;
DROP TABLE
CREATE TABLE tbl (id int);
CREATE TABLE
SELECT 'init' FROM pg_create_logical_replication_slot('regression_slot', 'wal2json');
 ?column? 
----------
 init
(1 row)

-- One row should have one record and one timestmap
INSERT INTO tbl VALUES (1);
INSERT 0 1
SELECT count(*) = 1, count(distinct ((data::json)->'timestamp')::text) = 1 FROM pg_logical_slot_get_changes('regression_slot', NULL, NULL, 'format-version', '1', 'include-timestamp', '1');
 ?column? | ?column? 
----------+----------
 t        | t
(1 row)

-- Two rows should have two records and two timestamps
INSERT INTO tbl VALUES (2);
INSERT 0 1
INSERT INTO tbl VALUES (3);
INSERT 0 1
SELECT count(*) = 2, count(distinct ((data::json)->'timestamp')::text) = 2 FROM pg_logical_slot_get_changes('regression_slot', NULL, NULL, 'format-version', '1', 'include-timestamp', '1');
 ?column? | ?column? 
----------+----------
 t        | t
(1 row)

-- Two rows in one transaction should have one record and one timestamp
INSERT INTO tbl VALUES (4), (5);
INSERT 0 2
SELECT count(*) = 1, count(distinct ((data::json)->'timestamp')::text) = 1 FROM pg_logical_slot_get_changes('regression_slot', NULL, NULL, 'format-version', '1', 'include-timestamp', '1');
 ?column? | ?column? 
----------+----------
 t        | t
(1 row)

SELECT 'stop' FROM pg_drop_replication_slot('regression_slot');
 ?column? 
----------
 stop
(1 row)

